Jun 28 03:05 : zeroconf: No global port, disabling zeroconf
Jun 28 03:05 : errno: Failed to open /home/vagrant/sites/jukebox.local/mpd/state: No such file or directory
Jun 28 03:05 : client: [0] opened from local
Jun 28 03:05 : alsa_mixer: Failed to read mixer for 'My ALSA Device': failed to attach to default: No such file or directory
Jun 28 03:05 : client: [0] closed
Jun 28 03:06 : client: [1] opened from local
Jun 28 03:06 : client: [1] closed
Jun 28 03:09 : client: [2] opened from local
Jun 28 03:09 : client: [2] closed
Jun 28 03:09 : update: added /01 Bang The Nails.mp3
Jun 28 03:09 : update: added /02 Anastasia.mp3
Jun 28 03:09 : update: added /03 Caramel Heart.mp3
Jun 28 03:09 : update: added /04 Only Lovers.mp3
Jun 28 03:09 : update: added /05 Old Grey Ford.mp3
Jun 28 03:09 : update: added /06 Burden Of Proof.mp3
Jun 28 03:09 : update: added /07 Dirt Angel.mp3
Jun 28 03:09 : update: added /08 Turnbuckle.mp3
Jun 28 03:09 : update: added /09 Pull Me In.mp3
Jun 28 03:09 : update: added /10 Sunday Driver Down.mp3
Jun 28 03:09 : update: added /11 Paper Doll.mp3
Jun 28 03:09 : update: added /12 Endless Holiday.mp3
Jun 28 03:12 : client: [3] opened from local
Jun 28 03:12 : client: [3] closed
Jun 28 03:12 : client: [4] opened from local
Jun 28 03:12 : client: [4] closed
Jun 28 03:13 : client: [5] opened from local
Jun 28 03:13 : client: [5] closed
Jun 28 03:13 : client: [6] opened from local
Jun 28 03:13 : client: [6] closed
Jun 28 03:54 : client: [7] opened from local
Jun 28 03:54 : client: [7] closed
Jun 28 03:54 : update: added /01 More Brother Rides.mp3
Jun 28 03:54 : update: added /02 Viva Ultra.mp3
Jun 28 03:54 : update: added /03 The Brute Choir.mp3
Jun 28 03:54 : update: added /04 The Mountain Low.mp3
Jun 28 03:54 : update: added /05 Tonight's Decision (And Herea.mp3
Jun 28 03:54 : update: added /06 Work Hard _ Play Hard.mp3
Jun 28 03:54 : update: added /07 New Partner.mp3
Jun 28 03:54 : update: added /08 Cat's Blues.mp3
Jun 28 03:54 : update: added /09 We All, Us Three, Will Ride.mp3
Jun 28 03:54 : update: added /10 Old Jerusalem.mp3
Jun 28 03:54 : client: [8] opened from local
Jun 28 03:54 : client: [8] closed
Jun 29 02:50 : client: [0] opened from [::1]:35464
Jun 29 02:50 : client: [0] closed
Jun 29 02:50 : client: [1] opened from 127.0.0.1:36154
Jun 29 02:50 : alsa_mixer: Failed to read mixer for 'My ALSA Device': failed to attach to default: No such file or directory
Jun 29 02:50 : client: [1] closed
Jun 30 03:13 : client: [2] opened from 127.0.0.1:36156
Jun 30 03:13 : client: [2] closed
Jun 30 03:13 : client: [3] opened from 127.0.0.1:36158
Jun 30 03:13 : client: [3] closed
Jun 30 03:14 : client: [4] opened from 127.0.0.1:36160
Jun 30 03:14 : client: [4] closed
Jun 30 03:14 : client: [5] opened from 127.0.0.1:36162
Jun 30 03:14 : client: [5] closed
Jun 30 03:14 : client: [6] opened from 127.0.0.1:36164
Jun 30 03:14 : client: [6] closed
Jun 30 03:16 : client: [7] opened from 127.0.0.1:36166
Jun 30 03:16 : client: [7] closed
Jun 30 21:07 : client: [8] opened from 127.0.0.1:36182
Jun 30 21:07 : client: [8] closed
Jun 30 21:09 : client: [9] opened from 127.0.0.1:36184
Jun 30 21:09 : client: [9] closed
Jun 30 21:10 : client: [10] opened from 127.0.0.1:36186
Jun 30 21:10 : client: [10] closed
Jul 01 00:22 : client: [11] opened from 127.0.0.1:36188
Jul 01 00:22 : client: [11] closed
Jul 01 00:52 : client: [12] opened from 127.0.0.1:36190
Jul 01 00:52 : client: [12] closed
Jul 01 00:53 : client: [13] opened from 127.0.0.1:36192
Jul 01 00:53 : client: [13] closed
Jul 01 00:54 : client: [14] opened from 127.0.0.1:36194
Jul 01 00:54 : client: [14] closed
Jul 01 00:55 : client: [15] opened from 127.0.0.1:36196
Jul 01 00:55 : client: [15] closed
Jul 01 01:05 : client: [16] opened from 127.0.0.1:36198
Jul 01 01:05 : client: [16] closed
Jul 01 01:20 : client: [17] opened from 127.0.0.1:36200
Jul 01 01:20 : client: [17] closed
Jul 01 01:25 : client: [18] opened from 127.0.0.1:36202
Jul 01 01:25 : client: [18] closed
Jul 01 01:29 : client: [19] opened from 127.0.0.1:36204
Jul 01 01:29 : client: [19] closed
Jul 01 01:32 : client: [20] opened from 127.0.0.1:36206
Jul 01 01:32 : client: [20] closed
Jul 01 01:32 : client: [21] opened from 127.0.0.1:36208
Jul 01 01:32 : client: [21] closed
Jul 01 01:38 : client: [22] opened from 127.0.0.1:36210
Jul 01 01:38 : client: [22] closed
Jul 01 01:38 : client: [23] opened from 127.0.0.1:36212
Jul 01 01:38 : client: [23] closed
Jul 01 01:39 : client: [24] opened from 127.0.0.1:36214
Jul 01 01:39 : client: [24] closed
Jul 01 01:42 : client: [25] opened from 127.0.0.1:36216
Jul 01 01:42 : client: [25] closed
Jul 01 01:43 : client: [26] opened from 127.0.0.1:36218
Jul 01 01:43 : client: [26] closed
Jul 01 01:44 : client: [27] opened from 127.0.0.1:36220
Jul 01 01:44 : client: [27] closed
Jul 01 02:18 : client: [28] opened from [::1]:35536
Jul 01 02:18 : client: [28] closed
Jul 01 02:18 : client: [29] opened from [::1]:35538
Jul 01 02:18 : client: [29] closed
Jul 01 02:19 : client: [30] opened from [::1]:35540
Jul 01 02:19 : client: [30] closed
Jul 01 02:19 : client: [31] opened from [::1]:35542
Jul 01 02:19 : client: [31] closed
Jul 01 02:33 : client: [32] opened from 127.0.0.1:36232
Jul 01 02:33 : errno: Failed to open '': Too many levels of symbolic links
Jul 01 02:33 : client: [32] closed
Jul 01 02:33 : client: [33] opened from 127.0.0.1:36234
Jul 01 02:33 : client: [33] closed
Jul 01 02:34 : client: [34] opened from 127.0.0.1:36236
Jul 01 02:34 : errno: Failed to open '': Too many levels of symbolic links
Jul 01 02:34 : client: [34] closed
Jul 01 02:35 : client: [35] opened from 127.0.0.1:36238
Jul 01 02:35 : client: [35] closed
Jul 01 02:36 : client: [36] opened from [::1]:35552
Jul 01 02:36 : client: [36] closed
Jul 01 02:36 : errno: Failed to open '': Too many levels of symbolic links
Jul 01 02:37 : client: [37] opened from [::1]:35554
Jul 01 02:37 : errno: Failed to open '': Too many levels of symbolic links
Jul 01 02:37 : client: [37] closed
Jul 01 02:38 : client: [38] opened from [::1]:35556
Jul 01 02:38 : errno: Failed to open '': Too many levels of symbolic links
Jul 01 02:38 : client: [38] closed
Jul 01 02:38 : client: [39] opened from 127.0.0.1:36246
Jul 01 02:38 : client: [39] closed
Aug 24 23:15 : alsa_mixer: Failed to read mixer for 'My ALSA Device': failed to attach to default: No such file or directory
Aug 24 23:15 : player: played "02 - Gonna Make You Sweat (Everybody Dance Now) - C&c Music Factory.mp3"
ALSA lib confmisc.c:768:(parse_card) cannot find card '0'
ALSA lib conf.c:4292:(_snd_config_evaluate) function snd_func_card_driver returned error: No such file or directory
ALSA lib confmisc.c:392:(snd_func_concat) error evaluating strings
ALSA lib conf.c:4292:(_snd_config_evaluate) function snd_func_concat returned error: No such file or directory
ALSA lib confmisc.c:1251:(snd_func_refer) error evaluating name
ALSA lib conf.c:4292:(_snd_config_evaluate) function snd_func_refer returned error: No such file or directory
ALSA lib conf.c:4771:(snd_config_expand) Evaluate error: No such file or directory
ALSA lib pcm.c:2266:(snd_pcm_open_noupdate) Unknown PCM default
Aug 24 23:15 : alsa_output: Failed to open "My ALSA Device" [alsa]: Failed to open ALSA device "default": No such file or directory
Aug 24 23:15 : output: Failed to open audio output
Aug 24 23:15 : player: problems opening audio device while playing "02 - Gonna Make You Sweat (Everybody Dance Now) - C&c Music Factory.mp3"
Aug 24 23:15 : player: played "02 - Gonna Make You Sweat (Everybody Dance Now) - C&c Music Factory.mp3"
ALSA lib confmisc.c:768:(parse_card) cannot find card '0'
ALSA lib conf.c:4292:(_snd_config_evaluate) function snd_func_card_driver returned error: No such file or directory
ALSA lib confmisc.c:392:(snd_func_concat) error evaluating strings
ALSA lib conf.c:4292:(_snd_config_evaluate) function snd_func_concat returned error: No such file or directory
ALSA lib confmisc.c:1251:(snd_func_refer) error evaluating name
ALSA lib conf.c:4292:(_snd_config_evaluate) function snd_func_refer returned error: No such file or directory
ALSA lib conf.c:4771:(snd_config_expand) Evaluate error: No such file or directory
ALSA lib pcm.c:2266:(snd_pcm_open_noupdate) Unknown PCM default
Aug 24 23:15 : alsa_output: Failed to open "My ALSA Device" [alsa]: Failed to open ALSA device "default": No such file or directory
Aug 24 23:15 : output: Failed to open audio output
Aug 24 23:15 : player: problems opening audio device while playing "02 - Gonna Make You Sweat (Everybody Dance Now) - C&c Music Factory.mp3"
Aug 24 23:16 : player: played "02 - Gonna Make You Sweat (Everybody Dance Now) - C&c Music Factory.mp3"
ALSA lib confmisc.c:768:(parse_card) cannot find card '0'
ALSA lib conf.c:4292:(_snd_config_evaluate) function snd_func_card_driver returned error: No such file or directory
ALSA lib confmisc.c:392:(snd_func_concat) error evaluating strings
ALSA lib conf.c:4292:(_snd_config_evaluate) function snd_func_concat returned error: No such file or directory
ALSA lib confmisc.c:1251:(snd_func_refer) error evaluating name
ALSA lib conf.c:4292:(_snd_config_evaluate) function snd_func_refer returned error: No such file or directory
ALSA lib conf.c:4771:(snd_config_expand) Evaluate error: No such file or directory
ALSA lib pcm.c:2266:(snd_pcm_open_noupdate) Unknown PCM default
Aug 24 23:16 : alsa_output: Failed to open "My ALSA Device" [alsa]: Failed to open ALSA device "default": No such file or directory
Aug 24 23:16 : output: Failed to open audio output
Aug 24 23:16 : player: problems opening audio device while playing "02 - Gonna Make You Sweat (Everybody Dance Now) - C&c Music Factory.mp3"
Aug 25 01:23 : player: played "02 - Gonna Make You Sweat (Everybody Dance Now) - C&c Music Factory.mp3"
ALSA lib confmisc.c:768:(parse_card) cannot find card '0'
ALSA lib conf.c:4292:(_snd_config_evaluate) function snd_func_card_driver returned error: No such file or directory
ALSA lib confmisc.c:392:(snd_func_concat) error evaluating strings
ALSA lib conf.c:4292:(_snd_config_evaluate) function snd_func_concat returned error: No such file or directory
ALSA lib confmisc.c:1251:(snd_func_refer) error evaluating name
ALSA lib conf.c:4292:(_snd_config_evaluate) function snd_func_refer returned error: No such file or directory
ALSA lib conf.c:4771:(snd_config_expand) Evaluate error: No such file or directory
ALSA lib pcm.c:2266:(snd_pcm_open_noupdate) Unknown PCM default
Aug 25 01:23 : alsa_output: Failed to open "My ALSA Device" [alsa]: Failed to open ALSA device "default": No such file or directory
Aug 25 01:23 : output: Failed to open audio output
Aug 25 01:23 : player: problems opening audio device while playing "02 - Gonna Make You Sweat (Everybody Dance Now) - C&c Music Factory.mp3"
Aug 25 01:23 : player: played "02 - Gonna Make You Sweat (Everybody Dance Now) - C&c Music Factory.mp3"
ALSA lib confmisc.c:768:(parse_card) cannot find card '0'
ALSA lib conf.c:4292:(_snd_config_evaluate) function snd_func_card_driver returned error: No such file or directory
ALSA lib confmisc.c:392:(snd_func_concat) error evaluating strings
ALSA lib conf.c:4292:(_snd_config_evaluate) function snd_func_concat returned error: No such file or directory
ALSA lib confmisc.c:1251:(snd_func_refer) error evaluating name
ALSA lib conf.c:4292:(_snd_config_evaluate) function snd_func_refer returned error: No such file or directory
ALSA lib conf.c:4771:(snd_config_expand) Evaluate error: No such file or directory
ALSA lib pcm.c:2266:(snd_pcm_open_noupdate) Unknown PCM default
Aug 25 01:23 : alsa_output: Failed to open "My ALSA Device" [alsa]: Failed to open ALSA device "default": No such file or directory
Aug 25 01:23 : output: Failed to open audio output
Aug 25 01:23 : player: problems opening audio device while playing "02 - Gonna Make You Sweat (Everybody Dance Now) - C&c Music Factory.mp3"
Aug 25 01:25 : player: played "02 - Gonna Make You Sweat (Everybody Dance Now) - C&c Music Factory.mp3"
ALSA lib confmisc.c:768:(parse_card) cannot find card '0'
ALSA lib conf.c:4292:(_snd_config_evaluate) function snd_func_card_driver returned error: No such file or directory
ALSA lib confmisc.c:392:(snd_func_concat) error evaluating strings
ALSA lib conf.c:4292:(_snd_config_evaluate) function snd_func_concat returned error: No such file or directory
ALSA lib confmisc.c:1251:(snd_func_refer) error evaluating name
ALSA lib conf.c:4292:(_snd_config_evaluate) function snd_func_refer returned error: No such file or directory
ALSA lib conf.c:4771:(snd_config_expand) Evaluate error: No such file or directory
ALSA lib pcm.c:2266:(snd_pcm_open_noupdate) Unknown PCM default
Aug 25 01:25 : alsa_output: Failed to open "My ALSA Device" [alsa]: Failed to open ALSA device "default": No such file or directory
Aug 25 01:25 : output: Failed to open audio output
Aug 25 01:25 : player: problems opening audio device while playing "02 - Gonna Make You Sweat (Everybody Dance Now) - C&c Music Factory.mp3"
Aug 25 01:34 : player: played "02 - Gonna Make You Sweat (Everybody Dance Now) - C&c Music Factory.mp3"
ALSA lib confmisc.c:768:(parse_card) cannot find card '0'
ALSA lib conf.c:4292:(_snd_config_evaluate) function snd_func_card_driver returned error: No such file or directory
ALSA lib confmisc.c:392:(snd_func_concat) error evaluating strings
ALSA lib conf.c:4292:(_snd_config_evaluate) function snd_func_concat returned error: No such file or directory
ALSA lib confmisc.c:1251:(snd_func_refer) error evaluating name
ALSA lib conf.c:4292:(_snd_config_evaluate) function snd_func_refer returned error: No such file or directory
ALSA lib conf.c:4771:(snd_config_expand) Evaluate error: No such file or directory
ALSA lib pcm.c:2266:(snd_pcm_open_noupdate) Unknown PCM default
Aug 25 01:34 : alsa_output: Failed to open "My ALSA Device" [alsa]: Failed to open ALSA device "default": No such file or directory
Aug 25 01:34 : output: Failed to open audio output
Aug 25 01:34 : player: problems opening audio device while playing "02 - Gonna Make You Sweat (Everybody Dance Now) - C&c Music Factory.mp3"
ALSA lib confmisc.c:768:(parse_card) cannot find card '0'
ALSA lib conf.c:4292:(_snd_config_evaluate) function snd_func_card_driver returned error: No such file or directory
ALSA lib confmisc.c:392:(snd_func_concat) error evaluating strings
ALSA lib conf.c:4292:(_snd_config_evaluate) function snd_func_concat returned error: No such file or directory
ALSA lib confmisc.c:1251:(snd_func_refer) error evaluating name
ALSA lib conf.c:4292:(_snd_config_evaluate) function snd_func_refer returned error: No such file or directory
ALSA lib conf.c:4771:(snd_config_expand) Evaluate error: No such file or directory
ALSA lib pcm.c:2266:(snd_pcm_open_noupdate) Unknown PCM default
Aug 25 01:38 : alsa_output: Failed to open "My ALSA Device" [alsa]: Failed to open ALSA device "default": No such file or directory
Aug 25 01:38 : output: Failed to open audio output
Aug 25 01:38 : player: played "02 - Gonna Make You Sweat (Everybody Dance Now) - C&c Music Factory.mp3"
ALSA lib confmisc.c:768:(parse_card) cannot find card '0'
ALSA lib conf.c:4292:(_snd_config_evaluate) function snd_func_card_driver returned error: No such file or directory
ALSA lib confmisc.c:392:(snd_func_concat) error evaluating strings
ALSA lib conf.c:4292:(_snd_config_evaluate) function snd_func_concat returned error: No such file or directory
ALSA lib confmisc.c:1251:(snd_func_refer) error evaluating name
ALSA lib conf.c:4292:(_snd_config_evaluate) function snd_func_refer returned error: No such file or directory
ALSA lib conf.c:4771:(snd_config_expand) Evaluate error: No such file or directory
ALSA lib pcm.c:2266:(snd_pcm_open_noupdate) Unknown PCM default
Aug 25 01:38 : alsa_output: Failed to open "My ALSA Device" [alsa]: Failed to open ALSA device "default": No such file or directory
Aug 25 01:38 : output: Failed to open audio output
Aug 25 01:38 : player: problems opening audio device while playing "02 - Gonna Make You Sweat (Everybody Dance Now) - C&c Music Factory.mp3"
Aug 25 01:49 : player: played "02 - Gonna Make You Sweat (Everybody Dance Now) - C&c Music Factory.mp3"
ALSA lib confmisc.c:768:(parse_card) cannot find card '0'
ALSA lib conf.c:4292:(_snd_config_evaluate) function snd_func_card_driver returned error: No such file or directory
ALSA lib confmisc.c:392:(snd_func_concat) error evaluating strings
ALSA lib conf.c:4292:(_snd_config_evaluate) function snd_func_concat returned error: No such file or directory
ALSA lib confmisc.c:1251:(snd_func_refer) error evaluating name
ALSA lib conf.c:4292:(_snd_config_evaluate) function snd_func_refer returned error: No such file or directory
ALSA lib conf.c:4771:(snd_config_expand) Evaluate error: No such file or directory
ALSA lib pcm.c:2266:(snd_pcm_open_noupdate) Unknown PCM default
Aug 25 01:49 : alsa_output: Failed to open "My ALSA Device" [alsa]: Failed to open ALSA device "default": No such file or directory
Aug 25 01:49 : output: Failed to open audio output
Aug 25 01:49 : player: problems opening audio device while playing "51 - Gangsta's Paradise - Coolio.mp3"
Aug 25 01:59 : player: played "51 - Gangsta's Paradise - Coolio.mp3"
ALSA lib confmisc.c:768:(parse_card) cannot find card '0'
ALSA lib conf.c:4292:(_snd_config_evaluate) function snd_func_card_driver returned error: No such file or directory
ALSA lib confmisc.c:392:(snd_func_concat) error evaluating strings
ALSA lib conf.c:4292:(_snd_config_evaluate) function snd_func_concat returned error: No such file or directory
ALSA lib confmisc.c:1251:(snd_func_refer) error evaluating name
ALSA lib conf.c:4292:(_snd_config_evaluate) function snd_func_refer returned error: No such file or directory
ALSA lib conf.c:4771:(snd_config_expand) Evaluate error: No such file or directory
ALSA lib pcm.c:2266:(snd_pcm_open_noupdate) Unknown PCM default
Aug 25 01:59 : alsa_output: Failed to open "My ALSA Device" [alsa]: Failed to open ALSA device "default": No such file or directory
Aug 25 01:59 : output: Failed to open audio output
Aug 25 01:59 : player: problems opening audio device while playing "51 - Gangsta's Paradise - Coolio.mp3"
Aug 25 02:00 : player: played "51 - Gangsta's Paradise - Coolio.mp3"
ALSA lib confmisc.c:768:(parse_card) cannot find card '0'
ALSA lib conf.c:4292:(_snd_config_evaluate) function snd_func_card_driver returned error: No such file or directory
ALSA lib confmisc.c:392:(snd_func_concat) error evaluating strings
ALSA lib conf.c:4292:(_snd_config_evaluate) function snd_func_concat returned error: No such file or directory
ALSA lib confmisc.c:1251:(snd_func_refer) error evaluating name
ALSA lib conf.c:4292:(_snd_config_evaluate) function snd_func_refer returned error: No such file or directory
ALSA lib conf.c:4771:(snd_config_expand) Evaluate error: No such file or directory
ALSA lib pcm.c:2266:(snd_pcm_open_noupdate) Unknown PCM default
Aug 25 02:00 : alsa_output: Failed to open "My ALSA Device" [alsa]: Failed to open ALSA device "default": No such file or directory
Aug 25 02:00 : output: Failed to open audio output
Aug 25 02:00 : player: problems opening audio device while playing "Bus Stop/Kung Fu Fighting/01 Bus Stop feat. Carl Douglas - Kung Fu Fighting (radio edit).mp3"
Aug 25 02:01 : player: played "Bus Stop/Kung Fu Fighting/01 Bus Stop feat. Carl Douglas - Kung Fu Fighting (radio edit).mp3"
ALSA lib confmisc.c:768:(parse_card) cannot find card '0'
ALSA lib conf.c:4292:(_snd_config_evaluate) function snd_func_card_driver returned error: No such file or directory
ALSA lib confmisc.c:392:(snd_func_concat) error evaluating strings
ALSA lib conf.c:4292:(_snd_config_evaluate) function snd_func_concat returned error: No such file or directory
ALSA lib confmisc.c:1251:(snd_func_refer) error evaluating name
ALSA lib conf.c:4292:(_snd_config_evaluate) function snd_func_refer returned error: No such file or directory
ALSA lib conf.c:4771:(snd_config_expand) Evaluate error: No such file or directory
ALSA lib pcm.c:2266:(snd_pcm_open_noupdate) Unknown PCM default
Aug 25 02:01 : alsa_output: Failed to open "My ALSA Device" [alsa]: Failed to open ALSA device "default": No such file or directory
Aug 25 02:01 : output: Failed to open audio output
Aug 25 02:01 : player: problems opening audio device while playing "Various Artists/Now That's What I Call 90s Dance/1-09 Fatboy Slim - The Rockafeller Skank.mp3"
Aug 25 02:01 : player: played "Various Artists/Now That's What I Call 90s Dance/1-09 Fatboy Slim - The Rockafeller Skank.mp3"
ALSA lib confmisc.c:768:(parse_card) cannot find card '0'
ALSA lib conf.c:4292:(_snd_config_evaluate) function snd_func_card_driver returned error: No such file or directory
ALSA lib confmisc.c:392:(snd_func_concat) error evaluating strings
ALSA lib conf.c:4292:(_snd_config_evaluate) function snd_func_concat returned error: No such file or directory
ALSA lib confmisc.c:1251:(snd_func_refer) error evaluating name
ALSA lib conf.c:4292:(_snd_config_evaluate) function snd_func_refer returned error: No such file or directory
ALSA lib conf.c:4771:(snd_config_expand) Evaluate error: No such file or directory
ALSA lib pcm.c:2266:(snd_pcm_open_noupdate) Unknown PCM default
Aug 25 02:01 : alsa_output: Failed to open "My ALSA Device" [alsa]: Failed to open ALSA device "default": No such file or directory
Aug 25 02:01 : output: Failed to open audio output
Aug 25 02:01 : player: problems opening audio device while playing "56 - Mambo No. 5 ( A Little Bit Of...) - Lou Bega.mp3"
Aug 25 02:02 : player: played "56 - Mambo No. 5 ( A Little Bit Of...) - Lou Bega.mp3"
ALSA lib confmisc.c:768:(parse_card) cannot find card '0'
ALSA lib conf.c:4292:(_snd_config_evaluate) function snd_func_card_driver returned error: No such file or directory
ALSA lib confmisc.c:392:(snd_func_concat) error evaluating strings
ALSA lib conf.c:4292:(_snd_config_evaluate) function snd_func_concat returned error: No such file or directory
ALSA lib confmisc.c:1251:(snd_func_refer) error evaluating name
ALSA lib conf.c:4292:(_snd_config_evaluate) function snd_func_refer returned error: No such file or directory
ALSA lib conf.c:4771:(snd_config_expand) Evaluate error: No such file or directory
ALSA lib pcm.c:2266:(snd_pcm_open_noupdate) Unknown PCM default
Aug 25 02:02 : alsa_output: Failed to open "My ALSA Device" [alsa]: Failed to open ALSA device "default": No such file or directory
Aug 25 02:02 : output: Failed to open audio output
Aug 25 02:02 : player: problems opening audio device while playing "Various Artists/Now That's What I Call 90s Dance/1-18 Haddaway - What Is Love_.mp3"
Aug 25 02:02 : player: played "Various Artists/Now That's What I Call 90s Dance/1-18 Haddaway - What Is Love_.mp3"
ALSA lib confmisc.c:768:(parse_card) cannot find card '0'
ALSA lib conf.c:4292:(_snd_config_evaluate) function snd_func_card_driver returned error: No such file or directory
ALSA lib confmisc.c:392:(snd_func_concat) error evaluating strings
ALSA lib conf.c:4292:(_snd_config_evaluate) function snd_func_concat returned error: No such file or directory
ALSA lib confmisc.c:1251:(snd_func_refer) error evaluating name
ALSA lib conf.c:4292:(_snd_config_evaluate) function snd_func_refer returned error: No such file or directory
ALSA lib conf.c:4771:(snd_config_expand) Evaluate error: No such file or directory
ALSA lib pcm.c:2266:(snd_pcm_open_noupdate) Unknown PCM default
Aug 25 02:02 : alsa_output: Failed to open "My ALSA Device" [alsa]: Failed to open ALSA device "default": No such file or directory
Aug 25 02:02 : output: Failed to open audio output
Aug 25 02:02 : player: problems opening audio device while playing "56 - Mambo No. 5 ( A Little Bit Of...) - Lou Bega.mp3"
Aug 25 02:03 : player: played "56 - Mambo No. 5 ( A Little Bit Of...) - Lou Bega.mp3"
ALSA lib confmisc.c:768:(parse_card) cannot find card '0'
ALSA lib conf.c:4292:(_snd_config_evaluate) function snd_func_card_driver returned error: No such file or directory
ALSA lib confmisc.c:392:(snd_func_concat) error evaluating strings
ALSA lib conf.c:4292:(_snd_config_evaluate) function snd_func_concat returned error: No such file or directory
ALSA lib confmisc.c:1251:(snd_func_refer) error evaluating name
ALSA lib conf.c:4292:(_snd_config_evaluate) function snd_func_refer returned error: No such file or directory
ALSA lib conf.c:4771:(snd_config_expand) Evaluate error: No such file or directory
ALSA lib pcm.c:2266:(snd_pcm_open_noupdate) Unknown PCM default
Aug 25 02:03 : alsa_output: Failed to open "My ALSA Device" [alsa]: Failed to open ALSA device "default": No such file or directory
Aug 25 02:03 : output: Failed to open audio output
Aug 25 02:03 : player: problems opening audio device while playing "Various Artists/Now That's What I Call 90s Dance/1-18 Haddaway - What Is Love_.mp3"
Aug 25 02:06 : player: played "Various Artists/Now That's What I Call 90s Dance/1-18 Haddaway - What Is Love_.mp3"
ALSA lib confmisc.c:768:(parse_card) cannot find card '0'
ALSA lib conf.c:4292:(_snd_config_evaluate) function snd_func_card_driver returned error: No such file or directory
ALSA lib confmisc.c:392:(snd_func_concat) error evaluating strings
ALSA lib conf.c:4292:(_snd_config_evaluate) function snd_func_concat returned error: No such file or directory
ALSA lib confmisc.c:1251:(snd_func_refer) error evaluating name
ALSA lib conf.c:4292:(_snd_config_evaluate) function snd_func_refer returned error: No such file or directory
ALSA lib conf.c:4771:(snd_config_expand) Evaluate error: No such file or directory
ALSA lib pcm.c:2266:(snd_pcm_open_noupdate) Unknown PCM default
Aug 25 02:06 : alsa_output: Failed to open "My ALSA Device" [alsa]: Failed to open ALSA device "default": No such file or directory
Aug 25 02:06 : output: Failed to open audio output
Aug 25 02:06 : player: problems opening audio device while playing "Various Artists/Now That's What I Call 90s Dance/1-18 Haddaway - What Is Love_.mp3"
Aug 25 02:06 : player: played "Various Artists/Now That's What I Call 90s Dance/1-18 Haddaway - What Is Love_.mp3"
ALSA lib confmisc.c:768:(parse_card) cannot find card '0'
ALSA lib conf.c:4292:(_snd_config_evaluate) function snd_func_card_driver returned error: No such file or directory
ALSA lib confmisc.c:392:(snd_func_concat) error evaluating strings
ALSA lib conf.c:4292:(_snd_config_evaluate) function snd_func_concat returned error: No such file or directory
ALSA lib confmisc.c:1251:(snd_func_refer) error evaluating name
ALSA lib conf.c:4292:(_snd_config_evaluate) function snd_func_refer returned error: No such file or directory
ALSA lib conf.c:4771:(snd_config_expand) Evaluate error: No such file or directory
ALSA lib pcm.c:2266:(snd_pcm_open_noupdate) Unknown PCM default
Aug 25 02:06 : alsa_output: Failed to open "My ALSA Device" [alsa]: Failed to open ALSA device "default": No such file or directory
Aug 25 02:06 : output: Failed to open audio output
Aug 25 02:06 : player: problems opening audio device while playing "Various Artists/Now That's What I Call 90s Dance/1-20 Cher - Believe.mp3"
Aug 25 02:10 : player: played "Various Artists/Now That's What I Call 90s Dance/1-20 Cher - Believe.mp3"
ALSA lib confmisc.c:768:(parse_card) cannot find card '0'
ALSA lib conf.c:4292:(_snd_config_evaluate) function snd_func_card_driver returned error: No such file or directory
ALSA lib confmisc.c:392:(snd_func_concat) error evaluating strings
ALSA lib conf.c:4292:(_snd_config_evaluate) function snd_func_concat returned error: No such file or directory
ALSA lib confmisc.c:1251:(snd_func_refer) error evaluating name
ALSA lib conf.c:4292:(_snd_config_evaluate) function snd_func_refer returned error: No such file or directory
ALSA lib conf.c:4771:(snd_config_expand) Evaluate error: No such file or directory
ALSA lib pcm.c:2266:(snd_pcm_open_noupdate) Unknown PCM default
Aug 25 02:18 : alsa_output: Failed to open "My ALSA Device" [alsa]: Failed to open ALSA device "default": No such file or directory
Aug 25 02:18 : output: Failed to open audio output
Aug 25 02:18 : player: problems opening audio device while playing "02 - Gonna Make You Sweat (Everybody Dance Now) - C&c Music Factory.mp3"
Aug 25 02:18 : player: played "02 - Gonna Make You Sweat (Everybody Dance Now) - C&c Music Factory.mp3"
ALSA lib confmisc.c:768:(parse_card) cannot find card '0'
ALSA lib conf.c:4292:(_snd_config_evaluate) function snd_func_card_driver returned error: No such file or directory
ALSA lib confmisc.c:392:(snd_func_concat) error evaluating strings
ALSA lib conf.c:4292:(_snd_config_evaluate) function snd_func_concat returned error: No such file or directory
ALSA lib confmisc.c:1251:(snd_func_refer) error evaluating name
ALSA lib conf.c:4292:(_snd_config_evaluate) function snd_func_refer returned error: No such file or directory
ALSA lib conf.c:4771:(snd_config_expand) Evaluate error: No such file or directory
ALSA lib pcm.c:2266:(snd_pcm_open_noupdate) Unknown PCM default
Aug 25 02:18 : alsa_output: Failed to open "My ALSA Device" [alsa]: Failed to open ALSA device "default": No such file or directory
Aug 25 02:18 : output: Failed to open audio output
Aug 25 02:18 : player: problems opening audio device while playing "02 - Gonna Make You Sweat (Everybody Dance Now) - C&c Music Factory.mp3"
Aug 25 02:19 : player: played "02 - Gonna Make You Sweat (Everybody Dance Now) - C&c Music Factory.mp3"
ALSA lib confmisc.c:768:(parse_card) cannot find card '0'
ALSA lib conf.c:4292:(_snd_config_evaluate) function snd_func_card_driver returned error: No such file or directory
ALSA lib confmisc.c:392:(snd_func_concat) error evaluating strings
ALSA lib conf.c:4292:(_snd_config_evaluate) function snd_func_concat returned error: No such file or directory
ALSA lib confmisc.c:1251:(snd_func_refer) error evaluating name
ALSA lib conf.c:4292:(_snd_config_evaluate) function snd_func_refer returned error: No such file or directory
ALSA lib conf.c:4771:(snd_config_expand) Evaluate error: No such file or directory
ALSA lib pcm.c:2266:(snd_pcm_open_noupdate) Unknown PCM default
Aug 25 02:19 : alsa_output: Failed to open "My ALSA Device" [alsa]: Failed to open ALSA device "default": No such file or directory
Aug 25 02:19 : output: Failed to open audio output
Aug 25 02:19 : player: problems opening audio device while playing "51 - Gangsta's Paradise - Coolio.mp3"
Aug 25 02:21 : player: played "51 - Gangsta's Paradise - Coolio.mp3"
ALSA lib confmisc.c:768:(parse_card) cannot find card '0'
ALSA lib conf.c:4292:(_snd_config_evaluate) function snd_func_card_driver returned error: No such file or directory
ALSA lib confmisc.c:392:(snd_func_concat) error evaluating strings
ALSA lib conf.c:4292:(_snd_config_evaluate) function snd_func_concat returned error: No such file or directory
ALSA lib confmisc.c:1251:(snd_func_refer) error evaluating name
ALSA lib conf.c:4292:(_snd_config_evaluate) function snd_func_refer returned error: No such file or directory
ALSA lib conf.c:4771:(snd_config_expand) Evaluate error: No such file or directory
ALSA lib pcm.c:2266:(snd_pcm_open_noupdate) Unknown PCM default
Aug 25 02:21 : alsa_output: Failed to open "My ALSA Device" [alsa]: Failed to open ALSA device "default": No such file or directory
Aug 25 02:21 : output: Failed to open audio output
Aug 25 02:21 : player: problems opening audio device while playing "51 - Gangsta's Paradise - Coolio.mp3"
Aug 25 02:22 : player: played "51 - Gangsta's Paradise - Coolio.mp3"
ALSA lib confmisc.c:768:(parse_card) cannot find card '0'
ALSA lib conf.c:4292:(_snd_config_evaluate) function snd_func_card_driver returned error: No such file or directory
ALSA lib confmisc.c:392:(snd_func_concat) error evaluating strings
ALSA lib conf.c:4292:(_snd_config_evaluate) function snd_func_concat returned error: No such file or directory
ALSA lib confmisc.c:1251:(snd_func_refer) error evaluating name
ALSA lib conf.c:4292:(_snd_config_evaluate) function snd_func_refer returned error: No such file or directory
ALSA lib conf.c:4771:(snd_config_expand) Evaluate error: No such file or directory
ALSA lib pcm.c:2266:(snd_pcm_open_noupdate) Unknown PCM default
Aug 25 02:22 : alsa_output: Failed to open "My ALSA Device" [alsa]: Failed to open ALSA device "default": No such file or directory
Aug 25 02:22 : output: Failed to open audio output
Aug 25 02:22 : player: problems opening audio device while playing "51 - Gangsta's Paradise - Coolio.mp3"
Aug 25 02:22 : player: played "51 - Gangsta's Paradise - Coolio.mp3"
ALSA lib confmisc.c:768:(parse_card) cannot find card '0'
ALSA lib conf.c:4292:(_snd_config_evaluate) function snd_func_card_driver returned error: No such file or directory
ALSA lib confmisc.c:392:(snd_func_concat) error evaluating strings
ALSA lib conf.c:4292:(_snd_config_evaluate) function snd_func_concat returned error: No such file or directory
ALSA lib confmisc.c:1251:(snd_func_refer) error evaluating name
ALSA lib conf.c:4292:(_snd_config_evaluate) function snd_func_refer returned error: No such file or directory
ALSA lib conf.c:4771:(snd_config_expand) Evaluate error: No such file or directory
ALSA lib pcm.c:2266:(snd_pcm_open_noupdate) Unknown PCM default
Aug 25 02:22 : alsa_output: Failed to open "My ALSA Device" [alsa]: Failed to open ALSA device "default": No such file or directory
Aug 25 02:22 : output: Failed to open audio output
Aug 25 02:22 : player: problems opening audio device while playing "51 - Gangsta's Paradise - Coolio.mp3"
Aug 25 02:22 : player: played "51 - Gangsta's Paradise - Coolio.mp3"
ALSA lib confmisc.c:768:(parse_card) cannot find card '0'
ALSA lib conf.c:4292:(_snd_config_evaluate) function snd_func_card_driver returned error: No such file or directory
ALSA lib confmisc.c:392:(snd_func_concat) error evaluating strings
ALSA lib conf.c:4292:(_snd_config_evaluate) function snd_func_concat returned error: No such file or directory
ALSA lib confmisc.c:1251:(snd_func_refer) error evaluating name
ALSA lib conf.c:4292:(_snd_config_evaluate) function snd_func_refer returned error: No such file or directory
ALSA lib conf.c:4771:(snd_config_expand) Evaluate error: No such file or directory
ALSA lib pcm.c:2266:(snd_pcm_open_noupdate) Unknown PCM default
Aug 25 02:22 : alsa_output: Failed to open "My ALSA Device" [alsa]: Failed to open ALSA device "default": No such file or directory
Aug 25 02:22 : output: Failed to open audio output
Aug 25 02:22 : player: problems opening audio device while playing "51 - Gangsta's Paradise - Coolio.mp3"
Aug 25 02:23 : player: played "51 - Gangsta's Paradise - Coolio.mp3"
ALSA lib confmisc.c:768:(parse_card) cannot find card '0'
ALSA lib conf.c:4292:(_snd_config_evaluate) function snd_func_card_driver returned error: No such file or directory
ALSA lib confmisc.c:392:(snd_func_concat) error evaluating strings
ALSA lib conf.c:4292:(_snd_config_evaluate) function snd_func_concat returned error: No such file or directory
ALSA lib confmisc.c:1251:(snd_func_refer) error evaluating name
ALSA lib conf.c:4292:(_snd_config_evaluate) function snd_func_refer returned error: No such file or directory
ALSA lib conf.c:4771:(snd_config_expand) Evaluate error: No such file or directory
ALSA lib pcm.c:2266:(snd_pcm_open_noupdate) Unknown PCM default
Aug 25 02:23 : alsa_output: Failed to open "My ALSA Device" [alsa]: Failed to open ALSA device "default": No such file or directory
Aug 25 02:23 : output: Failed to open audio output
Aug 25 02:23 : player: problems opening audio device while playing "Bus Stop/Kung Fu Fighting/01 Bus Stop feat. Carl Douglas - Kung Fu Fighting (radio edit).mp3"
Aug 25 02:25 : player: played "Bus Stop/Kung Fu Fighting/01 Bus Stop feat. Carl Douglas - Kung Fu Fighting (radio edit).mp3"
ALSA lib confmisc.c:768:(parse_card) cannot find card '0'
ALSA lib conf.c:4292:(_snd_config_evaluate) function snd_func_card_driver returned error: No such file or directory
ALSA lib confmisc.c:392:(snd_func_concat) error evaluating strings
ALSA lib conf.c:4292:(_snd_config_evaluate) function snd_func_concat returned error: No such file or directory
ALSA lib confmisc.c:1251:(snd_func_refer) error evaluating name
ALSA lib conf.c:4292:(_snd_config_evaluate) function snd_func_refer returned error: No such file or directory
ALSA lib conf.c:4771:(snd_config_expand) Evaluate error: No such file or directory
ALSA lib pcm.c:2266:(snd_pcm_open_noupdate) Unknown PCM default
Aug 25 02:25 : alsa_output: Failed to open "My ALSA Device" [alsa]: Failed to open ALSA device "default": No such file or directory
Aug 25 02:25 : output: Failed to open audio output
Aug 25 02:25 : player: problems opening audio device while playing "Various Artists/Now That's What I Call 90s Dance/1-09 Fatboy Slim - The Rockafeller Skank.mp3"
Aug 25 02:27 : player: played "Various Artists/Now That's What I Call 90s Dance/1-09 Fatboy Slim - The Rockafeller Skank.mp3"
ALSA lib confmisc.c:768:(parse_card) cannot find card '0'
ALSA lib conf.c:4292:(_snd_config_evaluate) function snd_func_card_driver returned error: No such file or directory
ALSA lib confmisc.c:392:(snd_func_concat) error evaluating strings
ALSA lib conf.c:4292:(_snd_config_evaluate) function snd_func_concat returned error: No such file or directory
ALSA lib confmisc.c:1251:(snd_func_refer) error evaluating name
ALSA lib conf.c:4292:(_snd_config_evaluate) function snd_func_refer returned error: No such file or directory
ALSA lib conf.c:4771:(snd_config_expand) Evaluate error: No such file or directory
ALSA lib pcm.c:2266:(snd_pcm_open_noupdate) Unknown PCM default
Aug 25 02:27 : alsa_output: Failed to open "My ALSA Device" [alsa]: Failed to open ALSA device "default": No such file or directory
Aug 25 02:27 : output: Failed to open audio output
Aug 25 02:27 : player: problems opening audio device while playing "56 - Mambo No. 5 ( A Little Bit Of...) - Lou Bega.mp3"
Aug 25 02:27 : player: played "56 - Mambo No. 5 ( A Little Bit Of...) - Lou Bega.mp3"
ALSA lib confmisc.c:768:(parse_card) cannot find card '0'
ALSA lib conf.c:4292:(_snd_config_evaluate) function snd_func_card_driver returned error: No such file or directory
ALSA lib confmisc.c:392:(snd_func_concat) error evaluating strings
ALSA lib conf.c:4292:(_snd_config_evaluate) function snd_func_concat returned error: No such file or directory
ALSA lib confmisc.c:1251:(snd_func_refer) error evaluating name
ALSA lib conf.c:4292:(_snd_config_evaluate) function snd_func_refer returned error: No such file or directory
ALSA lib conf.c:4771:(snd_config_expand) Evaluate error: No such file or directory
ALSA lib pcm.c:2266:(snd_pcm_open_noupdate) Unknown PCM default
Aug 25 02:27 : alsa_output: Failed to open "My ALSA Device" [alsa]: Failed to open ALSA device "default": No such file or directory
Aug 25 02:27 : output: Failed to open audio output
Aug 25 02:27 : player: problems opening audio device while playing "Various Artists/Now That's What I Call 90s Dance/1-18 Haddaway - What Is Love_.mp3"
Aug 25 02:28 : player: played "Various Artists/Now That's What I Call 90s Dance/1-18 Haddaway - What Is Love_.mp3"
ALSA lib confmisc.c:768:(parse_card) cannot find card '0'
ALSA lib conf.c:4292:(_snd_config_evaluate) function snd_func_card_driver returned error: No such file or directory
ALSA lib confmisc.c:392:(snd_func_concat) error evaluating strings
ALSA lib conf.c:4292:(_snd_config_evaluate) function snd_func_concat returned error: No such file or directory
ALSA lib confmisc.c:1251:(snd_func_refer) error evaluating name
ALSA lib conf.c:4292:(_snd_config_evaluate) function snd_func_refer returned error: No such file or directory
ALSA lib conf.c:4771:(snd_config_expand) Evaluate error: No such file or directory
ALSA lib pcm.c:2266:(snd_pcm_open_noupdate) Unknown PCM default
Aug 25 02:28 : alsa_output: Failed to open "My ALSA Device" [alsa]: Failed to open ALSA device "default": No such file or directory
Aug 25 02:28 : output: Failed to open audio output
Aug 25 02:28 : player: problems opening audio device while playing "Various Artists/Now That's What I Call 90s Dance/1-20 Cher - Believe.mp3"
Aug 25 02:28 : player: played "Various Artists/Now That's What I Call 90s Dance/1-20 Cher - Believe.mp3"
ALSA lib confmisc.c:768:(parse_card) cannot find card '0'
ALSA lib conf.c:4292:(_snd_config_evaluate) function snd_func_card_driver returned error: No such file or directory
ALSA lib confmisc.c:392:(snd_func_concat) error evaluating strings
ALSA lib conf.c:4292:(_snd_config_evaluate) function snd_func_concat returned error: No such file or directory
ALSA lib confmisc.c:1251:(snd_func_refer) error evaluating name
ALSA lib conf.c:4292:(_snd_config_evaluate) function snd_func_refer returned error: No such file or directory
ALSA lib conf.c:4771:(snd_config_expand) Evaluate error: No such file or directory
ALSA lib pcm.c:2266:(snd_pcm_open_noupdate) Unknown PCM default
Aug 25 02:28 : alsa_output: Failed to open "My ALSA Device" [alsa]: Failed to open ALSA device "default": No such file or directory
Aug 25 02:28 : output: Failed to open audio output
Aug 25 02:28 : player: problems opening audio device while playing "07 - U Can't Touch This - M.C. Hammer.mp3"
Aug 25 02:34 : player: played "07 - U Can't Touch This - M.C. Hammer.mp3"
ALSA lib confmisc.c:768:(parse_card) cannot find card '0'
ALSA lib conf.c:4292:(_snd_config_evaluate) function snd_func_card_driver returned error: No such file or directory
ALSA lib confmisc.c:392:(snd_func_concat) error evaluating strings
ALSA lib conf.c:4292:(_snd_config_evaluate) function snd_func_concat returned error: No such file or directory
ALSA lib confmisc.c:1251:(snd_func_refer) error evaluating name
ALSA lib conf.c:4292:(_snd_config_evaluate) function snd_func_refer returned error: No such file or directory
ALSA lib conf.c:4771:(snd_config_expand) Evaluate error: No such file or directory
ALSA lib pcm.c:2266:(snd_pcm_open_noupdate) Unknown PCM default
Aug 25 02:34 : alsa_output: Failed to open "My ALSA Device" [alsa]: Failed to open ALSA device "default": No such file or directory
Aug 25 02:34 : output: Failed to open audio output
Aug 25 02:34 : player: problems opening audio device while playing "Various Artists/Now That's What I Call 90s Dance/1-09 Fatboy Slim - The Rockafeller Skank.mp3"
Aug 25 02:38 : player: played "Various Artists/Now That's What I Call 90s Dance/1-09 Fatboy Slim - The Rockafeller Skank.mp3"
ALSA lib confmisc.c:768:(parse_card) cannot find card '0'
ALSA lib conf.c:4292:(_snd_config_evaluate) function snd_func_card_driver returned error: No such file or directory
ALSA lib confmisc.c:392:(snd_func_concat) error evaluating strings
ALSA lib conf.c:4292:(_snd_config_evaluate) function snd_func_concat returned error: No such file or directory
ALSA lib confmisc.c:1251:(snd_func_refer) error evaluating name
ALSA lib conf.c:4292:(_snd_config_evaluate) function snd_func_refer returned error: No such file or directory
ALSA lib conf.c:4771:(snd_config_expand) Evaluate error: No such file or directory
ALSA lib pcm.c:2266:(snd_pcm_open_noupdate) Unknown PCM default
Aug 25 02:38 : alsa_output: Failed to open "My ALSA Device" [alsa]: Failed to open ALSA device "default": No such file or directory
Aug 25 02:38 : output: Failed to open audio output
Aug 25 02:38 : player: problems opening audio device while playing "Various Artists/Now That's What I Call 90s Dance/3-19 Spice Girls - Spice Up Your Life (Morales radio mix).mp3"
Aug 25 02:40 : player: played "Various Artists/Now That's What I Call 90s Dance/3-19 Spice Girls - Spice Up Your Life (Morales radio mix).mp3"
ALSA lib confmisc.c:768:(parse_card) cannot find card '0'
ALSA lib conf.c:4292:(_snd_config_evaluate) function snd_func_card_driver returned error: No such file or directory
ALSA lib confmisc.c:392:(snd_func_concat) error evaluating strings
ALSA lib conf.c:4292:(_snd_config_evaluate) function snd_func_concat returned error: No such file or directory
ALSA lib confmisc.c:1251:(snd_func_refer) error evaluating name
ALSA lib conf.c:4292:(_snd_config_evaluate) function snd_func_refer returned error: No such file or directory
ALSA lib conf.c:4771:(snd_config_expand) Evaluate error: No such file or directory
ALSA lib pcm.c:2266:(snd_pcm_open_noupdate) Unknown PCM default
Aug 25 02:40 : alsa_output: Failed to open "My ALSA Device" [alsa]: Failed to open ALSA device "default": No such file or directory
Aug 25 02:40 : output: Failed to open audio output
Aug 25 02:40 : player: problems opening audio device while playing "Various Artists/Everybody Dance_ Tous les tubes dance des 90's/2-18 Deee-Lite - Groove Is in the Heart.mp3"
